info it worked if it ends with ok
verbose cli [ 'node',
verbose cli   '/home/jcoglan/.nvm/v0.6.10/bin/npm',
verbose cli   'publish',
verbose cli   'build/' ]
info using npm@1.1.0-3
info using node@v0.6.10
verbose config file /home/jcoglan/.npmrc
verbose config file /home/jcoglan/.nvm/v0.6.10/etc/npmrc
verbose config file /home/jcoglan/.nvm/v0.6.10/lib/node_modules/npm/npmrc
verbose publish [ 'build/' ]
verbose caching /home/jcoglan/projects/JAVASCRIPT/js.class/build/package.json
verbose loadDefaults jsclass@3.0.6
info prepublish jsclass@3.0.6
verbose cache add [ 'build/', null ]
silly cache add: name, spec, args [ undefined, 'build/', [ 'build/', null ] ]
verbose parsed url { pathname: 'build/', path: 'build/', href: 'build/' }
verbose caching build/package.json
verbose loadDefaults jsclass@3.0.6
verbose pack /home/jcoglan/projects/JAVASCRIPT/js.class/build
verbose pack /home/jcoglan/projects/JAVASCRIPT/js.class/build /tmp/npm-1329776468389/1329776468389-0.560857051750645/tmp.tgz
silly makeList /home/jcoglan/projects/JAVASCRIPT/js.class/build
silly dir, dirLen [ '/home/jcoglan/projects/JAVASCRIPT/js.class/build', 49 ]
verbose tarball /tmp/npm-1329776468389/1329776468389-0.560857051750645/tmp.tgz
verbose parent /home/jcoglan/projects/JAVASCRIPT/js.class/build
verbose mkdir (expected) error ENOENT, no such file or directory '/tmp/npm-1329776468389/1329776468389-0.560857051750645/___package.npm'
verbose mkdir done: /tmp/npm-1329776468389/1329776468389-0.560857051750645/___package.npm 755
verbose unpack_ uid, gid [ undefined, undefined ]
verbose unpackTarget /tmp/npm-1329776468389/1329776468389-0.560857051750645/package
silly gunzTarPerm modes [ '755', '644' ]
silly afterUntar undefined
silly asyncMap in gTP /tmp/npm-1329776468389/1329776468389-0.560857051750645/___package.npm/build
silly asyncMap in gTP /tmp/npm-1329776468389/1329776468389-0.560857051750645/___package.npm/build/package.json
silly asyncMap in gTP /tmp/npm-1329776468389/1329776468389-0.560857051750645/___package.npm/build/CHANGELOG.txt
silly asyncMap in gTP /tmp/npm-1329776468389/1329776468389-0.560857051750645/___package.npm/build/LICENSE.txt
silly asyncMap in gTP /tmp/npm-1329776468389/1329776468389-0.560857051750645/___package.npm/build/README.txt
silly asyncMap in gTP /tmp/npm-1329776468389/1329776468389-0.560857051750645/___package.npm/build/index.js
silly asyncMap in gTP /tmp/npm-1329776468389/1329776468389-0.560857051750645/___package.npm/build/bin
silly asyncMap in gTP /tmp/npm-1329776468389/1329776468389-0.560857051750645/___package.npm/build/bin/jsbuild
silly asyncMap in gTP /tmp/npm-1329776468389/1329776468389-0.560857051750645/___package.npm/build/src
silly asyncMap in gTP /tmp/npm-1329776468389/1329776468389-0.560857051750645/___package.npm/build/src/package-browser.js
silly asyncMap in gTP /tmp/npm-1329776468389/1329776468389-0.560857051750645/___package.npm/build/src/comparable.js
silly asyncMap in gTP /tmp/npm-1329776468389/1329776468389-0.560857051750645/___package.npm/build/src/benchmark.js
silly asyncMap in gTP /tmp/npm-1329776468389/1329776468389-0.560857051750645/___package.npm/build/src/loader.js
silly asyncMap in gTP /tmp/npm-1329776468389/1329776468389-0.560857051750645/___package.npm/build/src/decorator.js
silly asyncMap in gTP /tmp/npm-1329776468389/1329776468389-0.560857051750645/___package.npm/build/src/core.js
silly asyncMap in gTP /tmp/npm-1329776468389/1329776468389-0.560857051750645/___package.npm/build/src/linked_list.js
silly asyncMap in gTP /tmp/npm-1329776468389/1329776468389-0.560857051750645/___package.npm/build/src/tsort.js
silly asyncMap in gTP /tmp/npm-1329776468389/1329776468389-0.560857051750645/___package.npm/build/src/forwardable.js
silly asyncMap in gTP /tmp/npm-1329776468389/1329776468389-0.560857051750645/___package.npm/build/src/observable.js
silly asyncMap in gTP /tmp/npm-1329776468389/1329776468389-0.560857051750645/___package.npm/build/src/constant_scope.js
silly asyncMap in gTP /tmp/npm-1329776468389/1329776468389-0.560857051750645/___package.npm/build/src/proxy.js
silly asyncMap in gTP /tmp/npm-1329776468389/1329776468389-0.560857051750645/___package.npm/build/src/method_chain.js
silly asyncMap in gTP /tmp/npm-1329776468389/1329776468389-0.560857051750645/___package.npm/build/src/hash.js
silly asyncMap in gTP /tmp/npm-1329776468389/1329776468389-0.560857051750645/___package.npm/build/src/console.js
silly asyncMap in gTP /tmp/npm-1329776468389/1329776468389-0.560857051750645/___package.npm/build/src/test.js
silly asyncMap in gTP /tmp/npm-1329776468389/1329776468389-0.560857051750645/___package.npm/build/src/range.js
silly asyncMap in gTP /tmp/npm-1329776468389/1329776468389-0.560857051750645/___package.npm/build/src/deferrable.js
silly asyncMap in gTP /tmp/npm-1329776468389/1329776468389-0.560857051750645/___package.npm/build/src/package.js
silly asyncMap in gTP /tmp/npm-1329776468389/1329776468389-0.560857051750645/___package.npm/build/src/state.js
silly asyncMap in gTP /tmp/npm-1329776468389/1329776468389-0.560857051750645/___package.npm/build/src/dom.js
silly asyncMap in gTP /tmp/npm-1329776468389/1329776468389-0.560857051750645/___package.npm/build/src/enumerable.js
silly asyncMap in gTP /tmp/npm-1329776468389/1329776468389-0.560857051750645/___package.npm/build/src/command.js
silly asyncMap in gTP /tmp/npm-1329776468389/1329776468389-0.560857051750645/___package.npm/build/src/stack_trace.js
silly asyncMap in gTP /tmp/npm-1329776468389/1329776468389-0.560857051750645/___package.npm/build/src/set.js
silly asyncMap in gTP /tmp/npm-1329776468389/1329776468389-0.560857051750645/___package.npm/build/src/loader-browser.js
silly asyncMap in gTP /tmp/npm-1329776468389/1329776468389-0.560857051750645/___package.npm/build/src/assets
silly asyncMap in gTP /tmp/npm-1329776468389/1329776468389-0.560857051750645/___package.npm/build/src/assets/bullet_go.png
silly asyncMap in gTP /tmp/npm-1329776468389/1329776468389-0.560857051750645/___package.npm/build/src/assets/testui.css
silly asyncMap in gTP /tmp/npm-1329776468389/1329776468389-0.560857051750645/___package.npm/build/min
silly asyncMap in gTP /tmp/npm-1329776468389/1329776468389-0.560857051750645/___package.npm/build/min/package-browser.js
silly asyncMap in gTP /tmp/npm-1329776468389/1329776468389-0.560857051750645/___package.npm/build/min/comparable.js
silly asyncMap in gTP /tmp/npm-1329776468389/1329776468389-0.560857051750645/___package.npm/build/min/benchmark.js
silly asyncMap in gTP /tmp/npm-1329776468389/1329776468389-0.560857051750645/___package.npm/build/min/loader.js
silly asyncMap in gTP /tmp/npm-1329776468389/1329776468389-0.560857051750645/___package.npm/build/min/decorator.js
silly asyncMap in gTP /tmp/npm-1329776468389/1329776468389-0.560857051750645/___package.npm/build/min/core.js
silly asyncMap in gTP /tmp/npm-1329776468389/1329776468389-0.560857051750645/___package.npm/build/min/linked_list.js
silly asyncMap in gTP /tmp/npm-1329776468389/1329776468389-0.560857051750645/___package.npm/build/min/tsort.js
silly asyncMap in gTP /tmp/npm-1329776468389/1329776468389-0.560857051750645/___package.npm/build/min/forwardable.js
silly asyncMap in gTP /tmp/npm-1329776468389/1329776468389-0.560857051750645/___package.npm/build/min/observable.js
silly asyncMap in gTP /tmp/npm-1329776468389/1329776468389-0.560857051750645/___package.npm/build/min/constant_scope.js
silly asyncMap in gTP /tmp/npm-1329776468389/1329776468389-0.560857051750645/___package.npm/build/min/proxy.js
silly asyncMap in gTP /tmp/npm-1329776468389/1329776468389-0.560857051750645/___package.npm/build/min/method_chain.js
silly asyncMap in gTP /tmp/npm-1329776468389/1329776468389-0.560857051750645/___package.npm/build/min/hash.js
silly asyncMap in gTP /tmp/npm-1329776468389/1329776468389-0.560857051750645/___package.npm/build/min/console.js
silly asyncMap in gTP /tmp/npm-1329776468389/1329776468389-0.560857051750645/___package.npm/build/min/test.js
silly asyncMap in gTP /tmp/npm-1329776468389/1329776468389-0.560857051750645/___package.npm/build/min/range.js
silly asyncMap in gTP /tmp/npm-1329776468389/1329776468389-0.560857051750645/___package.npm/build/min/deferrable.js
silly asyncMap in gTP /tmp/npm-1329776468389/1329776468389-0.560857051750645/___package.npm/build/min/package.js
silly asyncMap in gTP /tmp/npm-1329776468389/1329776468389-0.560857051750645/___package.npm/build/min/state.js
silly asyncMap in gTP /tmp/npm-1329776468389/1329776468389-0.560857051750645/___package.npm/build/min/dom.js
silly asyncMap in gTP /tmp/npm-1329776468389/1329776468389-0.560857051750645/___package.npm/build/min/enumerable.js
silly asyncMap in gTP /tmp/npm-1329776468389/1329776468389-0.560857051750645/___package.npm/build/min/stack_trace.js
silly asyncMap in gTP /tmp/npm-1329776468389/1329776468389-0.560857051750645/___package.npm/build/min/command.js
silly asyncMap in gTP /tmp/npm-1329776468389/1329776468389-0.560857051750645/___package.npm/build/min/set.js
silly asyncMap in gTP /tmp/npm-1329776468389/1329776468389-0.560857051750645/___package.npm/build/min/loader-browser.js
silly asyncMap in gTP /tmp/npm-1329776468389/1329776468389-0.560857051750645/___package.npm/build/min/assets
silly asyncMap in gTP /tmp/npm-1329776468389/1329776468389-0.560857051750645/___package.npm/build/min/assets/bullet_go.png
silly asyncMap in gTP /tmp/npm-1329776468389/1329776468389-0.560857051750645/___package.npm/build/min/assets/testui.css
verbose gunzed /tmp/npm-1329776468389/1329776468389-0.560857051750645/___package.npm/build
verbose rm'ed /tmp/npm-1329776468389/1329776468389-0.560857051750645/package
verbose renamed [ '/tmp/npm-1329776468389/1329776468389-0.560857051750645/___package.npm/build',
verbose renamed   '/tmp/npm-1329776468389/1329776468389-0.560857051750645/package' ]
verbose caching /tmp/npm-1329776468389/1329776468389-0.560857051750645/package/package.json
verbose loadDefaults jsclass@3.0.6
verbose tarball contents [ 'package', 'tmp.tgz' ]
verbose from cache /tmp/npm-1329776468389/1329776468389-0.560857051750645/package/package.json
verbose pack /tmp/npm-1329776468389/1329776468389-0.560857051750645/package
verbose pack /tmp/npm-1329776468389/1329776468389-0.560857051750645/package /home/jcoglan/.npm/jsclass/3.0.6/package.tgz
silly makeList /tmp/npm-1329776468389/1329776468389-0.560857051750645/package
silly dir, dirLen [ '/tmp/npm-1329776468389/1329776468389-0.560857051750645/package',
silly dir, dirLen   63 ]
verbose tarball /home/jcoglan/.npm/jsclass/3.0.6/package.tgz
verbose parent /tmp/npm-1329776468389/1329776468389-0.560857051750645/package
verbose mkdir (expected) error ENOENT, no such file or directory '/home/jcoglan/.npm/jsclass/3.0.6/___package.npm'
verbose mkdir done: /home/jcoglan/.npm/jsclass/3.0.6/___package.npm 755
verbose unpack_ uid, gid [ undefined, undefined ]
verbose unpackTarget /home/jcoglan/.npm/jsclass/3.0.6/package
silly gunzTarPerm modes [ '755', '644' ]
silly afterUntar undefined
silly asyncMap in gTP /home/jcoglan/.npm/jsclass/3.0.6/___package.npm/package
silly asyncMap in gTP /home/jcoglan/.npm/jsclass/3.0.6/___package.npm/package/package.json
silly asyncMap in gTP /home/jcoglan/.npm/jsclass/3.0.6/___package.npm/package/CHANGELOG.txt
silly asyncMap in gTP /home/jcoglan/.npm/jsclass/3.0.6/___package.npm/package/LICENSE.txt
silly asyncMap in gTP /home/jcoglan/.npm/jsclass/3.0.6/___package.npm/package/README.txt
silly asyncMap in gTP /home/jcoglan/.npm/jsclass/3.0.6/___package.npm/package/index.js
silly asyncMap in gTP /home/jcoglan/.npm/jsclass/3.0.6/___package.npm/package/bin
silly asyncMap in gTP /home/jcoglan/.npm/jsclass/3.0.6/___package.npm/package/bin/jsbuild
silly asyncMap in gTP /home/jcoglan/.npm/jsclass/3.0.6/___package.npm/package/min
silly asyncMap in gTP /home/jcoglan/.npm/jsclass/3.0.6/___package.npm/package/min/package-browser.js
silly asyncMap in gTP /home/jcoglan/.npm/jsclass/3.0.6/___package.npm/package/min/comparable.js
silly asyncMap in gTP /home/jcoglan/.npm/jsclass/3.0.6/___package.npm/package/min/benchmark.js
silly asyncMap in gTP /home/jcoglan/.npm/jsclass/3.0.6/___package.npm/package/min/loader.js
silly asyncMap in gTP /home/jcoglan/.npm/jsclass/3.0.6/___package.npm/package/min/decorator.js
silly asyncMap in gTP /home/jcoglan/.npm/jsclass/3.0.6/___package.npm/package/min/core.js
silly asyncMap in gTP /home/jcoglan/.npm/jsclass/3.0.6/___package.npm/package/min/linked_list.js
silly asyncMap in gTP /home/jcoglan/.npm/jsclass/3.0.6/___package.npm/package/min/tsort.js
silly asyncMap in gTP /home/jcoglan/.npm/jsclass/3.0.6/___package.npm/package/min/forwardable.js
silly asyncMap in gTP /home/jcoglan/.npm/jsclass/3.0.6/___package.npm/package/min/observable.js
silly asyncMap in gTP /home/jcoglan/.npm/jsclass/3.0.6/___package.npm/package/min/constant_scope.js
silly asyncMap in gTP /home/jcoglan/.npm/jsclass/3.0.6/___package.npm/package/min/proxy.js
silly asyncMap in gTP /home/jcoglan/.npm/jsclass/3.0.6/___package.npm/package/min/method_chain.js
silly asyncMap in gTP /home/jcoglan/.npm/jsclass/3.0.6/___package.npm/package/min/hash.js
silly asyncMap in gTP /home/jcoglan/.npm/jsclass/3.0.6/___package.npm/package/min/console.js
silly asyncMap in gTP /home/jcoglan/.npm/jsclass/3.0.6/___package.npm/package/min/test.js
silly asyncMap in gTP /home/jcoglan/.npm/jsclass/3.0.6/___package.npm/package/min/range.js
silly asyncMap in gTP /home/jcoglan/.npm/jsclass/3.0.6/___package.npm/package/min/deferrable.js
silly asyncMap in gTP /home/jcoglan/.npm/jsclass/3.0.6/___package.npm/package/min/package.js
silly asyncMap in gTP /home/jcoglan/.npm/jsclass/3.0.6/___package.npm/package/min/state.js
silly asyncMap in gTP /home/jcoglan/.npm/jsclass/3.0.6/___package.npm/package/min/dom.js
silly asyncMap in gTP /home/jcoglan/.npm/jsclass/3.0.6/___package.npm/package/min/enumerable.js
silly asyncMap in gTP /home/jcoglan/.npm/jsclass/3.0.6/___package.npm/package/min/command.js
silly asyncMap in gTP /home/jcoglan/.npm/jsclass/3.0.6/___package.npm/package/min/stack_trace.js
silly asyncMap in gTP /home/jcoglan/.npm/jsclass/3.0.6/___package.npm/package/min/set.js
silly asyncMap in gTP /home/jcoglan/.npm/jsclass/3.0.6/___package.npm/package/min/loader-browser.js
silly asyncMap in gTP /home/jcoglan/.npm/jsclass/3.0.6/___package.npm/package/min/assets
silly asyncMap in gTP /home/jcoglan/.npm/jsclass/3.0.6/___package.npm/package/min/assets/bullet_go.png
silly asyncMap in gTP /home/jcoglan/.npm/jsclass/3.0.6/___package.npm/package/min/assets/testui.css
silly asyncMap in gTP /home/jcoglan/.npm/jsclass/3.0.6/___package.npm/package/src
silly asyncMap in gTP /home/jcoglan/.npm/jsclass/3.0.6/___package.npm/package/src/package-browser.js
silly asyncMap in gTP /home/jcoglan/.npm/jsclass/3.0.6/___package.npm/package/src/comparable.js
silly asyncMap in gTP /home/jcoglan/.npm/jsclass/3.0.6/___package.npm/package/src/benchmark.js
silly asyncMap in gTP /home/jcoglan/.npm/jsclass/3.0.6/___package.npm/package/src/loader.js
silly asyncMap in gTP /home/jcoglan/.npm/jsclass/3.0.6/___package.npm/package/src/decorator.js
silly asyncMap in gTP /home/jcoglan/.npm/jsclass/3.0.6/___package.npm/package/src/core.js
silly asyncMap in gTP /home/jcoglan/.npm/jsclass/3.0.6/___package.npm/package/src/linked_list.js
silly asyncMap in gTP /home/jcoglan/.npm/jsclass/3.0.6/___package.npm/package/src/tsort.js
silly asyncMap in gTP /home/jcoglan/.npm/jsclass/3.0.6/___package.npm/package/src/forwardable.js
silly asyncMap in gTP /home/jcoglan/.npm/jsclass/3.0.6/___package.npm/package/src/observable.js
silly asyncMap in gTP /home/jcoglan/.npm/jsclass/3.0.6/___package.npm/package/src/constant_scope.js
silly asyncMap in gTP /home/jcoglan/.npm/jsclass/3.0.6/___package.npm/package/src/proxy.js
silly asyncMap in gTP /home/jcoglan/.npm/jsclass/3.0.6/___package.npm/package/src/method_chain.js
silly asyncMap in gTP /home/jcoglan/.npm/jsclass/3.0.6/___package.npm/package/src/hash.js
silly asyncMap in gTP /home/jcoglan/.npm/jsclass/3.0.6/___package.npm/package/src/console.js
silly asyncMap in gTP /home/jcoglan/.npm/jsclass/3.0.6/___package.npm/package/src/test.js
silly asyncMap in gTP /home/jcoglan/.npm/jsclass/3.0.6/___package.npm/package/src/range.js
silly asyncMap in gTP /home/jcoglan/.npm/jsclass/3.0.6/___package.npm/package/src/deferrable.js
silly asyncMap in gTP /home/jcoglan/.npm/jsclass/3.0.6/___package.npm/package/src/package.js
silly asyncMap in gTP /home/jcoglan/.npm/jsclass/3.0.6/___package.npm/package/src/state.js
silly asyncMap in gTP /home/jcoglan/.npm/jsclass/3.0.6/___package.npm/package/src/dom.js
silly asyncMap in gTP /home/jcoglan/.npm/jsclass/3.0.6/___package.npm/package/src/enumerable.js
silly asyncMap in gTP /home/jcoglan/.npm/jsclass/3.0.6/___package.npm/package/src/command.js
silly asyncMap in gTP /home/jcoglan/.npm/jsclass/3.0.6/___package.npm/package/src/stack_trace.js
silly asyncMap in gTP /home/jcoglan/.npm/jsclass/3.0.6/___package.npm/package/src/set.js
silly asyncMap in gTP /home/jcoglan/.npm/jsclass/3.0.6/___package.npm/package/src/loader-browser.js
silly asyncMap in gTP /home/jcoglan/.npm/jsclass/3.0.6/___package.npm/package/src/assets
silly asyncMap in gTP /home/jcoglan/.npm/jsclass/3.0.6/___package.npm/package/src/assets/bullet_go.png
silly asyncMap in gTP /home/jcoglan/.npm/jsclass/3.0.6/___package.npm/package/src/assets/testui.css
verbose gunzed /home/jcoglan/.npm/jsclass/3.0.6/___package.npm/package
verbose rm'ed /home/jcoglan/.npm/jsclass/3.0.6/package
verbose renamed [ '/home/jcoglan/.npm/jsclass/3.0.6/___package.npm/package',
verbose renamed   '/home/jcoglan/.npm/jsclass/3.0.6/package' ]
verbose caching /home/jcoglan/.npm/jsclass/3.0.6/package/package.json
verbose loadDefaults jsclass@3.0.6
silly updated sha bytes 40960
silly updated sha bytes 40960
silly updated sha bytes 28075
info shasum e1ccfbf4f1a8591fbd47214a421678d0f4c08201
info shasum /home/jcoglan/.npm/jsclass/3.0.6/package.tgz
verbose from cache /home/jcoglan/.npm/jsclass/3.0.6/package/package.json
verbose chmod /home/jcoglan/.npm/jsclass/3.0.6/package.tgz 644
verbose chown [ '/home/jcoglan/.npm/jsclass/3.0.6/package.tgz', 1000, 1000 ]
silly publish { name: 'jsclass',
silly publish   description: 'Portable class library for JavaScript',
silly publish   homepage: 'http://jsclass.jcoglan.com',
silly publish   author: 
silly publish    { name: 'James Coglan',
silly publish      email: 'jcoglan@gmail.com',
silly publish      url: 'http://jcoglan.com/' },
silly publish   keywords: [ 'oop', 'class', 'data-structures', 'testing' ],
silly publish   version: '3.0.6',
silly publish   engines: { node: '>=0.4.0' },
silly publish   main: './index',
silly publish   bin: { jsbuild: './bin/jsbuild' },
silly publish   dependencies: { nopt: '' },
silly publish   bugs: { name: 'http://github.com/jcoglan/js.class/issues' },
silly publish   licenses: 
silly publish    [ { type: 'MIT',
silly publish        url: 'http://www.opensource.org/licenses/mit-license.php' } ],
silly publish   repositories: [ { type: 'git', url: 'git://github.com/jcoglan/js.class.git' } ],
silly publish   _npmUser: { name: 'jcoglan', email: 'jcoglan@gmail.com' },
silly publish   _id: 'jsclass@3.0.6',
silly publish   devDependencies: {},
silly publish   optionalDependencies: {},
silly publish   _engineSupported: true,
silly publish   _npmVersion: '1.1.0-3',
silly publish   _nodeVersion: 'v0.6.10',
silly publish   _defaultsLoaded: true,
silly publish   dist: 
silly publish    { shasum: 'e1ccfbf4f1a8591fbd47214a421678d0f4c08201',
silly publish      tarball: 'http://registry.npmjs.org/jsclass/-/jsclass-3.0.6.tgz' } }
verbose raw, before any munging jsclass
verbose url resolving [ 'https://registry.npmjs.org/', './jsclass' ]
verbose url resolved https://registry.npmjs.org/jsclass
http PUT https://registry.npmjs.org/jsclass
http 401 https://registry.npmjs.org/jsclass
ERR! Failed PUT response 401
ERR! Error: unauthorized Name or password is incorrect.: jsclass
ERR!     at Request._callback (/home/jcoglan/.nvm/v0.6.10/lib/node_modules/npm/lib/utils/npm-registry-client/request.js:182:12)
ERR!     at Request.callback (/home/jcoglan/.nvm/v0.6.10/lib/node_modules/npm/node_modules/request/main.js:109:22)
ERR!     at Request.<anonymous> (/home/jcoglan/.nvm/v0.6.10/lib/node_modules/npm/node_modules/request/main.js:481:18)
ERR!     at Request.emit (events.js:67:17)
ERR!     at IncomingMessage.<anonymous> (/home/jcoglan/.nvm/v0.6.10/lib/node_modules/npm/node_modules/request/main.js:442:16)
ERR!     at IncomingMessage.emit (events.js:88:20)
ERR!     at HTTPParser.onMessageComplete (http.js:137:23)
ERR!     at CleartextStream.ondata (http.js:1147:24)
ERR!     at CleartextStream._push (tls.js:367:27)
ERR!     at SecurePair.cycle (tls.js:688:20)
ERR! You may report this log at:
ERR!     <http://github.com/isaacs/npm/issues>
ERR! or email it to:
ERR!     <npm-@googlegroups.com>
ERR! 
ERR! System Linux 2.6.32-38-generic
ERR! command "node" "/home/jcoglan/.nvm/v0.6.10/bin/npm" "publish" "build/"
ERR! cwd /home/jcoglan/projects/JAVASCRIPT/js.class
ERR! node -v v0.6.10
ERR! npm -v 1.1.0-3
ERR! message unauthorized Name or password is incorrect.: jsclass
verbose exit [ 1, true ]
